Build started 1/19/2014 12:52:55 AM.
     1>Project "C:\Users\Raiyan\Documents\Visual Studio 2010\Projects\CPlusPlus\OpenGL\OpenGLRenderEngine\OpenGLRenderEngine\OpenGLRenderEngine.vcxproj" on node 2 (build target(s)).
     1>InitializeBuildStatus:
         Creating "Release\OpenGLRenderEngine.unsuccessfulbuild" because "AlwaysCreate" was specified.
       ClCompile:
         c:\Program Files (x86)\Microsoft Visual Studio 10.0\VC\bin\CL.exe /c /Zi /nologo /W3 /WX- /O2 /Oi /Oy- /GL /D WIN32 /D NDEBUG /D _WINDOWS /Gm- /EHsc /MD /GS /Gy /fp:precise /Zc:wchar_t /Zc:forScope /Fo"Release\\" /Fd"Release\vc100.pdb" /Gd /TP /analyze- /errorReport:prompt ..\Source\main.cpp
         main.cpp
       Link:
         c:\Program Files (x86)\Microsoft Visual Studio 10.0\VC\bin\link.exe /ERRORREPORT:PROMPT /OUT:"C:\Users\Raiyan\Documents\Visual Studio 2010\Projects\CPlusPlus\OpenGL\OpenGLRenderEngine\Release\OpenGLRenderEngine.exe" /INCREMENTAL:NO /NOLOGO assimp.lib SDL2.lib SDL2main.lib opengl32.lib glu32.lib glew32.lib FreeImage.lib kernel32.lib user32.lib gdi32.lib winspool.lib comdlg32.lib advapi32.lib shell32.lib ole32.lib oleaut32.lib uuid.lib odbc32.lib odbccp32.lib /MANIFEST /ManifestFile:"Release\OpenGLRenderEngine.exe.intermediate.manifest" /MANIFESTUAC:"level='asInvoker' uiAccess='false'" /DEBUG /PDB:"C:\Users\Raiyan\Documents\Visual Studio 2010\Projects\CPlusPlus\OpenGL\OpenGLRenderEngine\Release\OpenGLRenderEngine.pdb" /SUBSYSTEM:WINDOWS /OPT:REF /OPT:ICF /LTCG /TLBID:1 /DYNAMICBASE /NXCOMPAT /IMPLIB:"C:\Users\Raiyan\Documents\Visual Studio 2010\Projects\CPlusPlus\OpenGL\OpenGLRenderEngine\Release\OpenGLRenderEngine.lib" /MACHINE:X86 Release\FileReaderAssimp.obj
         Release\Globals.obj
         Release\GraphicsGL.obj
         Release\LightGL.obj
         Release\MaterialGL.obj
         Release\MeshGL.obj
         Release\ShaderGL.obj
         Release\TextureGL.obj
         Release\main.obj
         Release\ScreenSDLGL.obj
         Release\WindowSDL.obj
         Generating code
         Finished generating code
         OpenGLRenderEngine.vcxproj -> C:\Users\Raiyan\Documents\Visual Studio 2010\Projects\CPlusPlus\OpenGL\OpenGLRenderEngine\Release\OpenGLRenderEngine.exe
       Manifest:
         c:\Program Files (x86)\Microsoft SDKs\Windows\v7.0A\bin\mt.exe /nologo /verbose /outputresource:"C:\Users\Raiyan\Documents\Visual Studio 2010\Projects\CPlusPlus\OpenGL\OpenGLRenderEngine\Release\OpenGLRenderEngine.exe;#1" /manifest Release\OpenGLRenderEngine.exe.intermediate.manifest
       FinalizeBuildStatus:
         Deleting file "Release\OpenGLRenderEngine.unsuccessfulbuild".
         Touching "Release\OpenGLRenderEngine.lastbuildstate".
     1>Done Building Project "C:\Users\Raiyan\Documents\Visual Studio 2010\Projects\CPlusPlus\OpenGL\OpenGLRenderEngine\OpenGLRenderEngine\OpenGLRenderEngine.vcxproj" (build target(s)).

Build succeeded.

Time Elapsed 00:00:04.27
