C:\Users\Raiyan\Documents\Visual Studio 2010\Projects\CPlusPlus\OpenGL\OpenGLRenderEngine\OpenGLRenderEngine\Release\cl.command.1.tlog
C:\Users\Raiyan\Documents\Visual Studio 2010\Projects\CPlusPlus\OpenGL\OpenGLRenderEngine\OpenGLRenderEngine\Release\CL.read.1.tlog
C:\Users\Raiyan\Documents\Visual Studio 2010\Projects\CPlusPlus\OpenGL\OpenGLRenderEngine\OpenGLRenderEngine\Release\CL.write.1.tlog
C:\USERS\RAIYAN\DOCUMENTS\VISUAL STUDIO 2010\PROJECTS\CPLUSPLUS\OPENGL\OPENGLRENDERENGINE\OPENGLRENDERENGINE\RELEASE\FILEREADERASSIMP.OBJ
C:\USERS\RAIYAN\DOCUMENTS\VISUAL STUDIO 2010\PROJECTS\CPLUSPLUS\OPENGL\OPENGLRENDERENGINE\OPENGLRENDERENGINE\RELEASE\GLOBALS.OBJ
C:\USERS\RAIYAN\DOCUMENTS\VISUAL STUDIO 2010\PROJECTS\CPLUSPLUS\OPENGL\OPENGLRENDERENGINE\OPENGLRENDERENGINE\RELEASE\GRAPHICSGL.OBJ
C:\USERS\RAIYAN\DOCUMENTS\VISUAL STUDIO 2010\PROJECTS\CPLUSPLUS\OPENGL\OPENGLRENDERENGINE\OPENGLRENDERENGINE\RELEASE\LIGHTGL.OBJ
C:\Users\Raiyan\Documents\Visual Studio 2010\Projects\CPlusPlus\OpenGL\OpenGLRenderEngine\OpenGLRenderEngine\Release\link.command.1.tlog
C:\Users\Raiyan\Documents\Visual Studio 2010\Projects\CPlusPlus\OpenGL\OpenGLRenderEngine\OpenGLRenderEngine\Release\link.read.1.tlog
C:\Users\Raiyan\Documents\Visual Studio 2010\Projects\CPlusPlus\OpenGL\OpenGLRenderEngine\OpenGLRenderEngine\Release\link.write.1.tlog
C:\USERS\RAIYAN\DOCUMENTS\VISUAL STUDIO 2010\PROJECTS\CPLUSPLUS\OPENGL\OPENGLRENDERENGINE\OPENGLRENDERENGINE\RELEASE\MAIN.OBJ
C:\USERS\RAIYAN\DOCUMENTS\VISUAL STUDIO 2010\PROJECTS\CPLUSPLUS\OPENGL\OPENGLRENDERENGINE\OPENGLRENDERENGINE\RELEASE\MATERIALGL.OBJ
C:\USERS\RAIYAN\DOCUMENTS\VISUAL STUDIO 2010\PROJECTS\CPLUSPLUS\OPENGL\OPENGLRENDERENGINE\OPENGLRENDERENGINE\RELEASE\MESHGL.OBJ
C:\Users\Raiyan\Documents\Visual Studio 2010\Projects\CPlusPlus\OpenGL\OpenGLRenderEngine\OpenGLRenderEngine\Release\mt.command.1.tlog
C:\Users\Raiyan\Documents\Visual Studio 2010\Projects\CPlusPlus\OpenGL\OpenGLRenderEngine\OpenGLRenderEngine\Release\mt.read.1.tlog
C:\Users\Raiyan\Documents\Visual Studio 2010\Projects\CPlusPlus\OpenGL\OpenGLRenderEngine\OpenGLRenderEngine\Release\mt.write.1.tlog
C:\USERS\RAIYAN\DOCUMENTS\VISUAL STUDIO 2010\PROJECTS\CPLUSPLUS\OPENGL\OPENGLRENDERENGINE\OPENGLRENDERENGINE\RELEASE\OPENGLRENDERENGINE.EXE.INTERMEDIATE.MANIFEST
C:\Users\Raiyan\Documents\Visual Studio 2010\Projects\CPlusPlus\OpenGL\OpenGLRenderEngine\OpenGLRenderEngine\Release\OpenGLRenderEngine.vcxprojResolveAssemblyReference.cache
C:\Users\Raiyan\Documents\Visual Studio 2010\Projects\CPlusPlus\OpenGL\OpenGLRenderEngine\OpenGLRenderEngine\Release\OpenGLRenderEngine.write.1.tlog
C:\USERS\RAIYAN\DOCUMENTS\VISUAL STUDIO 2010\PROJECTS\CPLUSPLUS\OPENGL\OPENGLRENDERENGINE\OPENGLRENDERENGINE\RELEASE\SCREENSDLGL.OBJ
C:\USERS\RAIYAN\DOCUMENTS\VISUAL STUDIO 2010\PROJECTS\CPLUSPLUS\OPENGL\OPENGLRENDERENGINE\OPENGLRENDERENGINE\RELEASE\SHADERGL.OBJ
C:\USERS\RAIYAN\DOCUMENTS\VISUAL STUDIO 2010\PROJECTS\CPLUSPLUS\OPENGL\OPENGLRENDERENGINE\OPENGLRENDERENGINE\RELEASE\TEXTUREGL.OBJ
C:\USERS\RAIYAN\DOCUMENTS\VISUAL STUDIO 2010\PROJECTS\CPLUSPLUS\OPENGL\OPENGLRENDERENGINE\OPENGLRENDERENGINE\RELEASE\VC100.PDB
C:\USERS\RAIYAN\DOCUMENTS\VISUAL STUDIO 2010\PROJECTS\CPLUSPLUS\OPENGL\OPENGLRENDERENGINE\OPENGLRENDERENGINE\RELEASE\WINDOWSDL.OBJ
C:\USERS\RAIYAN\DOCUMENTS\VISUAL STUDIO 2010\PROJECTS\CPLUSPLUS\OPENGL\OPENGLRENDERENGINE\RELEASE\OPENGLRENDERENGINE.EXE
C:\USERS\RAIYAN\DOCUMENTS\VISUAL STUDIO 2010\PROJECTS\CPLUSPLUS\OPENGL\OPENGLRENDERENGINE\RELEASE\OPENGLRENDERENGINE.PDB
